[NotebookApp | WARNING] No nbgrader_config.py file found (rerun with --debug to see where nbgrader is looking)
[NotebookApp | INFO] Loading the validate_assignment nbgrader serverextension
[NotebookApp | INFO] ✓ nbpresent HTML export ENABLED
[NotebookApp | WARNING] ✗ nbpresent PDF export DISABLED: No module named 'nbbrowserpdf'
[NotebookApp | INFO] Serving notebooks from local directory: /Users/boone/github/programming_notebooks
[NotebookApp | INFO] 0 active kernels 
[NotebookApp | INFO] The Jupyter Notebook is running at: http://localhost:8889/?token=e52fb76523bc72cc0c73b97a4f31e8529c26b062408daba2
[NotebookApp | INFO] Use Control-C to stop this server and shut down all kernels (twice to skip confirmation).
[NotebookApp | CRITICAL] 
    
    Copy/paste this URL into your browser when you connect for the first time,
    to login with a token:
        http://localhost:8889/?token=e52fb76523bc72cc0c73b97a4f31e8529c26b062408daba2
[NotebookApp | INFO] Accepting one-time-token-authenticated connection from ::1
[NotebookApp | INFO] interrupted
[NotebookApp | CRITICAL] received signal 2, stopping
[NotebookApp | INFO] Shutting down kernels
[NotebookApp | WARNING] No nbgrader_config.py file found (rerun with --debug to see where nbgrader is looking)
[NotebookApp | INFO] Loading the validate_assignment nbgrader serverextension
[NotebookApp | INFO] ✓ nbpresent HTML export ENABLED
[NotebookApp | WARNING] ✗ nbpresent PDF export DISABLED: No module named 'nbbrowserpdf'
[NotebookApp | INFO] Serving notebooks from local directory: /Users/boone/github/programming_notebooks
[NotebookApp | INFO] 0 active kernels 
[NotebookApp | INFO] The Jupyter Notebook is running at: http://localhost:8889/?token=6e98dd4d733729ce20f69fd5dfab648b2828b411f52c9474
[NotebookApp | INFO] Use Control-C to stop this server and shut down all kernels (twice to skip confirmation).
[NotebookApp | CRITICAL] 
    
    Copy/paste this URL into your browser when you connect for the first time,
    to login with a token:
        http://localhost:8889/?token=6e98dd4d733729ce20f69fd5dfab648b2828b411f52c9474
[NotebookApp | INFO] Accepting one-time-token-authenticated connection from ::1
[NotebookApp | WARNING] Notebook Municipality_data.ipynb is not trusted
[NotebookApp | INFO] Kernel started: 4ae23433-6157-4077-ae56-f7766d101a79
[NotebookApp | INFO] Saving file at /Municipality_data.ipynb
[NotebookApp | WARNING] Saving untrusted notebook Municipality_data.ipynb
[NotebookApp | INFO] Kernel shutdown: 4ae23433-6157-4077-ae56-f7766d101a79
[NotebookApp | INFO] interrupted
[NotebookApp | CRITICAL] received signal 2, stopping
[NotebookApp | INFO] Shutting down kernels
